Base path: 'C:/Program Files/Unity/Hub/Editor/2019.4.16f1/Editor/Data', plugins path 'C:/Program Files/Unity/Hub/Editor/2019.4.16f1/Editor/Data/PlaybackEngines'
Cmd: initializeCompiler
Cmd: compileComputeKernel
  api=4 insize=12109 outsize=1558 ok=1
Cmd: compileComputeKernel
  api=4 insize=11985 outsize=1465 ok=1
Cmd: compileComputeKernel
  api=4 insize=11985 outsize=1905 ok=1
Cmd: compileComputeKernel
  api=4 insize=11985 outsize=1497 ok=1
Cmd: compileComputeKernel
  api=4 insize=11985 outsize=1499 ok=1
Cmd: compileComputeKernel
  api=4 insize=11985 outsize=1528 ok=1
Cmd: compileComputeKernel
  api=4 insize=18301 outsize=3063 ok=1
Cmd: compileComputeKernel
  api=4 insize=66874 outsize=2850 ok=1
Cmd: compileComputeKernel
  api=4 insize=66874 outsize=2631 ok=1
Cmd: compileComputeKernel
  api=4 insize=66874 outsize=1489 ok=1
Cmd: compileComputeKernel
  api=4 insize=66874 outsize=1489 ok=1
Cmd: compileComputeKernel
  api=4 insize=66874 outsize=2029 ok=1
Cmd: compileComputeKernel
  api=4 insize=66874 outsize=1647 ok=1
Cmd: compileComputeKernel
  api=4 insize=66874 outsize=1547 ok=1
Cmd: compileComputeKernel
  api=4 insize=66874 outsize=1777 ok=1
Cmd: compileComputeKernel
  api=4 insize=66874 outsize=1819 ok=1
Cmd: compileComputeKernel
  api=4 insize=66874 outsize=1974 ok=1
Cmd: compileComputeKernel
  api=4 insize=66874 outsize=1848 ok=1
Cmd: compileComputeKernel
  api=4 insize=66874 outsize=1998 ok=1
Cmd: compileComputeKernel
  api=4 insize=66874 outsize=1301 ok=1
Cmd: compileComputeKernel
  api=4 insize=66874 outsize=3004 ok=1
Cmd: compileComputeKernel
  api=4 insize=66874 outsize=1750 ok=1
Cmd: compileComputeKernel
  api=4 insize=66874 outsize=1382 ok=1
Cmd: compileComputeKernel
  api=4 insize=72903 outsize=7768 ok=1
Cmd: compileComputeKernel
  api=4 insize=34089 outsize=629 ok=1
Cmd: compileComputeKernel
  api=4 insize=34089 outsize=682 ok=1
Cmd: compileComputeKernel
  api=4 insize=34089 outsize=695 ok=1
Cmd: compileComputeKernel
  api=4 insize=34089 outsize=854 ok=1
Cmd: compileComputeKernel
  api=4 insize=34089 outsize=701 ok=1
Cmd: compileComputeKernel
  api=4 insize=34089 outsize=769 ok=1
Cmd: compileComputeKernel
  api=4 insize=34089 outsize=777 ok=1
Cmd: compileComputeKernel
  api=4 insize=34089 outsize=1292 ok=1
Cmd: compileComputeKernel
  api=4 insize=34089 outsize=1137 ok=1
Cmd: compileComputeKernel
  api=4 insize=34089 outsize=1520 ok=1
Cmd: compileComputeKernel
  api=4 insize=34089 outsize=1306 ok=1
Cmd: compileComputeKernel
  api=4 insize=34089 outsize=1442 ok=1
Cmd: compileComputeKernel
  api=4 insize=34089 outsize=1296 ok=1
Cmd: compileComputeKernel
  api=4 insize=34089 outsize=1311 ok=1
Cmd: compileComputeKernel
  api=4 insize=34089 outsize=1346 ok=1
Cmd: compileComputeKernel
  api=4 insize=79248 outsize=11481 ok=1
Cmd: compileComputeKernel
  api=4 insize=79248 outsize=27514 ok=1
Cmd: compileComputeKernel
  api=4 insize=79248 outsize=12236 ok=1
Cmd: compileComputeKernel
  api=4 insize=4442 outsize=1449 ok=1

Quitting shader compiler process
